

[INFO ] 2018-04-17 17:25:06,608 method:org.springframework.web.context.ContextLoader.initWebApplicationContext(ContextLoader.java:307)
Root WebApplicationContext: initialization started


[INFO ] 2018-04-17 17:25:07,091 method:org.springframework.context.support.AbstractApplicationContext.prepareRefresh(AbstractApplicationContext.java:578)
Refreshing Root WebApplicationContext: startup date [Tue Apr 17 17:25:07 CST 2018]; root of context hierarchy


[INFO ] 2018-04-17 17:25:07,604 method:org.springframework.beans.factory.xml.XmlBeanDefinitionReader.loadBeanDefinitions(XmlBeanDefinitionReader.java:317)
Loading XML bean definitions from ServletContext resource [/WEB-INF/applicationContext.xml]


[ERROR] 2018-04-17 17:25:07,609 method:org.springframework.web.context.ContextLoader.initWebApplicationContext(ContextLoader.java:353)
Context initialization failed
org.springframework.beans.factory.BeanDefinitionStoreException: IOException parsing XML document from ServletContext resource [/WEB-INF/applicationContext.xml]; nested exception is java.io.FileNotFoundException: Could not open ServletContext resource [/WEB-INF/applicationContext.xml]
	at org.springframework.beans.factory.xml.XmlBeanDefinitionReader.loadBeanDefinitions(XmlBeanDefinitionReader.java:344)
	at org.springframework.beans.factory.xml.XmlBeanDefinitionReader.loadBeanDefinitions(XmlBeanDefinitionReader.java:304)
	at org.springframework.beans.factory.support.AbstractBeanDefinitionReader.loadBeanDefinitions(AbstractBeanDefinitionReader.java:181)
	at org.springframework.beans.factory.support.AbstractBeanDefinitionReader.loadBeanDefinitions(AbstractBeanDefinitionReader.java:217)
	at org.springframework.beans.factory.support.AbstractBeanDefinitionReader.loadBeanDefinitions(AbstractBeanDefinitionReader.java:188)
	at org.springframework.web.context.support.XmlWebApplicationContext.loadBeanDefinitions(XmlWebApplicationContext.java:125)
	at org.springframework.web.context.support.XmlWebApplicationContext.loadBeanDefinitions(XmlWebApplicationContext.java:94)
	at org.springframework.context.support.AbstractRefreshableApplicationContext.__refreshBeanFactory(AbstractRefreshableApplicationContext.java:129)
	at org.springframework.context.support.AbstractRefreshableApplicationContext.refreshBeanFactory(AbstractRefreshableApplicationContext.java)
	at org.springframework.context.support.AbstractApplicationContext.obtainFreshBeanFactory(AbstractApplicationContext.java:609)
	at org.springframework.context.support.AbstractApplicationContext.__refresh(AbstractApplicationContext.java:510)
	at org.springframework.context.support.AbstractApplicationContext.refresh(AbstractApplicationContext.java)
	at org.springframework.web.context.ContextLoader.configureAndRefreshWebApplicationContext(ContextLoader.java:446)
	at org.springframework.web.context.ContextLoader.initWebApplicationContext(ContextLoader.java:328)
	at org.springframework.web.context.ContextLoaderListener.contextInitialized(ContextLoaderListener.java:107)
	at org.apache.catalina.core.StandardContext.listenerStart(StandardContext.java:4939)
	at org.apache.catalina.core.StandardContext.startInternal(StandardContext.java:5434)
	at org.apache.catalina.util.LifecycleBase.start(LifecycleBase.java:150)
	at org.apache.catalina.core.ContainerBase$StartChild.call(ContainerBase.java:1559)
	at org.apache.catalina.core.ContainerBase$StartChild.call(ContainerBase.java:1549)
	at java.util.concurrent.FutureTask.run(FutureTask.java:266)
	at java.util.concurrent.ThreadPoolExecutor.runWorker(ThreadPoolExecutor.java:1149)
	at java.util.concurrent.ThreadPoolExecutor$Worker.run(ThreadPoolExecutor.java:624)
	at java.lang.Thread.run(Thread.java:748)
Caused by: java.io.FileNotFoundException: Could not open ServletContext resource [/WEB-INF/applicationContext.xml]
	at org.springframework.web.context.support.ServletContextResource.getInputStream(ServletContextResource.java:141)
	at org.springframework.beans.factory.xml.XmlBeanDefinitionReader.loadBeanDefinitions(XmlBeanDefinitionReader.java:330)
	... 23 more


[INFO ] 2018-04-17 17:25:07,632 method:org.springframework.context.support.AbstractApplicationContext.doClose(AbstractApplicationContext.java:960)
Closing Root WebApplicationContext: startup date [Tue Apr 17 17:25:07 CST 2018]; root of context hierarchy


[WARN ] 2018-04-17 17:25:07,637 method:org.springframework.context.support.AbstractApplicationContext.doClose(AbstractApplicationContext.java:978)
Exception thrown from LifecycleProcessor on context close
java.lang.IllegalStateException: LifecycleProcessor not initialized - call 'refresh' before invoking lifecycle methods via the context: Root WebApplicationContext: startup date [Tue Apr 17 17:25:07 CST 2018]; root of context hierarchy
	at org.springframework.context.support.AbstractApplicationContext.getLifecycleProcessor(AbstractApplicationContext.java:415)
	at org.springframework.context.support.AbstractApplicationContext.doClose(AbstractApplicationContext.java:975)
	at org.springframework.context.support.AbstractApplicationContext.close(AbstractApplicationContext.java:934)
	at org.springframework.web.context.ContextLoader.closeWebApplicationContext(ContextLoader.java:583)
	at org.springframework.web.context.ContextLoaderListener.contextDestroyed(ContextLoaderListener.java:116)
	at org.apache.catalina.core.StandardContext.listenerStop(StandardContext.java:4980)
	at org.apache.catalina.core.StandardContext.__stop(StandardContext.java:5626)
	at org.apache.catalina.core.StandardContext.stopInternal(StandardContext.java)
	at org.apache.catalina.util.LifecycleBase.stop(LifecycleBase.java:232)
	at org.apache.catalina.util.LifecycleBase.start(LifecycleBase.java:160)
	at org.apache.catalina.core.ContainerBase$StartChild.call(ContainerBase.java:1559)
	at org.apache.catalina.core.ContainerBase$StartChild.call(ContainerBase.java:1549)
	at java.util.concurrent.FutureTask.run(FutureTask.java:266)
	at java.util.concurrent.ThreadPoolExecutor.runWorker(ThreadPoolExecutor.java:1149)
	at java.util.concurrent.ThreadPoolExecutor$Worker.run(ThreadPoolExecutor.java:624)
	at java.lang.Thread.run(Thread.java:748)


[INFO ] 2018-04-17 17:26:48,509 method:org.springframework.web.servlet.FrameworkServlet.initServletBean(FrameworkServlet.java:489)
FrameworkServlet 'springMVC': initialization started


[INFO ] 2018-04-17 17:26:48,645 method:org.springframework.context.support.AbstractApplicationContext.prepareRefresh(AbstractApplicationContext.java:578)
Refreshing WebApplicationContext for namespace 'springMVC-servlet': startup date [Tue Apr 17 17:26:48 CST 2018]; root of context hierarchy


[INFO ] 2018-04-17 17:26:49,062 method:org.springframework.beans.factory.xml.XmlBeanDefinitionReader.loadBeanDefinitions(XmlBeanDefinitionReader.java:317)
Loading XML bean definitions from class path resource [spring/springmvc.xml]


[INFO ] 2018-04-17 17:26:50,632 method:
using logger: com.alibaba.dubbo.common.logger.log4j.Log4jLoggerAdapter


[INFO ] 2018-04-17 17:26:51,568 method:org.springframework.beans.factory.annotation.AutowiredAnnotationBeanPostProcessor.<init>(AutowiredAnnotationBeanPostProcessor.java:153)
JSR-330 'javax.inject.Inject' annotation found and supported for autowiring


[INFO ] 2018-04-17 17:26:52,882 method:org.springframework.web.servlet.handler.AbstractHandlerMethodMapping$MappingRegistry.register(AbstractHandlerMethodMapping.java:527)
Mapped "{[/item]}" onto public com.taotao.pojo.TbItem com.taotao.controller.ItemController.getItemById()


[INFO ] 2018-04-17 17:26:53,835 method:org.springframework.web.servlet.mvc.method.annotation.RequestMappingHandlerAdapter.initControllerAdviceCache(RequestMappingHandlerAdapter.java:532)
Looking for @ControllerAdvice: WebApplicationContext for namespace 'springMVC-servlet': startup date [Tue Apr 17 17:26:48 CST 2018]; root of context hierarchy


[INFO ] 2018-04-17 17:26:54,054 method:org.springframework.web.servlet.mvc.method.annotation.RequestMappingHandlerAdapter.initControllerAdviceCache(RequestMappingHandlerAdapter.java:532)
Looking for @ControllerAdvice: WebApplicationContext for namespace 'springMVC-servlet': startup date [Tue Apr 17 17:26:48 CST 2018]; root of context hierarchy


[INFO ] 2018-04-17 17:26:54,464 method:com.alibaba.dubbo.registry.support.AbstractRegistry.loadProperties(AbstractRegistry.java:232)
 [DUBBO] Load registry store file C:\Users\baiye\.dubbo\dubbo-registry-192.168.199.134.cache, data: {com.xbz.service.DemoService=override://0.0.0.0/com.xbz.service.DemoService?category=configurators&dynamic=false&enabled=true&nige.loadbalance=roundrobin, com.taotao.service.ItemService=empty://192.168.199.1:20880/com.taotao.service.ItemService?anyhost=true&application=taotao-manager&category=configurators&check=false&dubbo=2.5.3&interface=com.taotao.service.ItemService&methods=getItemById&pid=47396&revision=1.0-SNAPSHOT&side=provider&timeout=300000&timestamp=1523956868452}, dubbo version: 2.5.3, current host: 127.0.0.1


[INFO ] 2018-04-17 17:26:54,516 method:org.I0Itec.zkclient.ZkEventThread.run(ZkEventThread.java:64)
Starting ZkClient event thread.


[INFO ] 2018-04-17 17:26:59,142 method:org.apache.zookeeper.Environment.logEnv(Environment.java:100)
Client environment:zookeeper.version=3.4.7-1713338, built on 11/09/2015 04:32 GMT


[INFO ] 2018-04-17 17:26:59,145 method:org.apache.zookeeper.Environment.logEnv(Environment.java:100)
Client environment:host.name=DESKTOP-COBSCJH


[INFO ] 2018-04-17 17:26:59,147 method:org.apache.zookeeper.Environment.logEnv(Environment.java:100)
Client environment:java.version=1.8.0_152


[INFO ] 2018-04-17 17:26:59,148 method:org.apache.zookeeper.Environment.logEnv(Environment.java:100)
Client environment:java.vendor=Oracle Corporation


[INFO ] 2018-04-17 17:26:59,149 method:org.apache.zookeeper.Environment.logEnv(Environment.java:100)
Client environment:java.home=C:\Program Files\Java\jdk1.8.0_152\jre


[INFO ] 2018-04-17 17:26:59,150 method:org.apache.zookeeper.Environment.logEnv(Environment.java:100)
Client environment:java.class.path=C:\Program Files\JetBrains\IntelliJ IDEA 2017.1.4\plugins\maven\lib\maven3\boot\plexus-classworlds-2.5.2.jar;C:\Program Files\JetBrains\IntelliJ IDEA 2017.1.4\lib\idea_rt.jar


[INFO ] 2018-04-17 17:26:59,153 method:org.apache.zookeeper.Environment.logEnv(Environment.java:100)
Client environment:java.library.path=C:\Program Files\Java\jdk1.8.0_152\bin;C:\WINDOWS\Sun\Java\bin;C:\WINDOWS\system32;C:\WINDOWS;C:\deverloper\product\11.2.0\dbhome_1\bin;C:\ProgramData\Oracle\Java\javapath;C:\Program Files (x86)\Intel\iCLS Client\;C:\Program Files\Intel\iCLS Client\;C:\Windows\system32;C:\Windows;C:\Windows\System32\Wbem;C:\Windows\System32\WindowsPowerShell\v1.0\;C:\Program Files (x86)\Intel\Intel(R) Management Engine Components\DAL;C:\Program Files\Intel\Intel(R) Management Engine Components\DAL;C:\Program Files (x86)\Intel\Intel(R) Management Engine Components\IPT;C:\Program Files\Intel\Intel(R) Management Engine Components\IPT;C:\Program Files (x86)\NVIDIA Corporation\PhysX\Common;C:\Program Files\Java\jdk1.8.0_152\bin;C:\Program Files\Intel\WiFi\bin\;C:\Program Files\Common Files\Intel\WirelessCommon\;C:\WINDOWS\system32;C:\WINDOWS;C:\WINDOWS\System32\Wbem;C:\WINDOWS\System32\WindowsPowerShell\v1.0\;C:\Program Files\MySQL\MySQL Utilities 1.6\;C:\Program Files\VisualSVN Server\bin;C:\Program Files\TortoiseSVN\bin;E:\tool\apache-maven-3.5.2\bin;C:\Program Files\nodejs\;E:\工具\webservice_cxf\doc\apache-cxf-3.1.8\bin;;;C:\Program Files\Git\cmd;C:\Users\baiye\AppData\Local\Microsoft\WindowsApps;C:\Users\baiye\AppData\Local\GitHubDesktop\bin;.


[INFO ] 2018-04-17 17:26:59,159 method:org.apache.zookeeper.Environment.logEnv(Environment.java:100)
Client environment:java.io.tmpdir=C:\Users\baiye\AppData\Local\Temp\


[INFO ] 2018-04-17 17:26:59,160 method:org.apache.zookeeper.Environment.logEnv(Environment.java:100)
Client environment:java.compiler=<NA>


[INFO ] 2018-04-17 17:26:59,161 method:org.apache.zookeeper.Environment.logEnv(Environment.java:100)
Client environment:os.name=Windows 10


[INFO ] 2018-04-17 17:26:59,162 method:org.apache.zookeeper.Environment.logEnv(Environment.java:100)
Client environment:os.arch=amd64


[INFO ] 2018-04-17 17:26:59,162 method:org.apache.zookeeper.Environment.logEnv(Environment.java:100)
Client environment:os.version=10.0


[INFO ] 2018-04-17 17:26:59,163 method:org.apache.zookeeper.Environment.logEnv(Environment.java:100)
Client environment:user.name=baiye


[INFO ] 2018-04-17 17:26:59,164 method:org.apache.zookeeper.Environment.logEnv(Environment.java:100)
Client environment:user.home=C:\Users\baiye


[INFO ] 2018-04-17 17:26:59,164 method:org.apache.zookeeper.Environment.logEnv(Environment.java:100)
Client environment:user.dir=E:\tool\taotao-parent\taotao-manager-web


[INFO ] 2018-04-17 17:26:59,170 method:org.apache.zookeeper.ZooKeeper.<init>(ZooKeeper.java:438)
Initiating client connection, connectString=192.168.199.134:2181,192.168.199.132:2181,192.168.199.135:2181 sessionTimeout=30000 watcher=org.I0Itec.zkclient.ZkClient@6e8d65ee


[INFO ] 2018-04-17 17:26:59,290 method:org.apache.zookeeper.ClientCnxn$SendThread.logStartConnect(ClientCnxn.java:1032)
Opening socket connection to server 192.168.199.135/192.168.199.135:2181. Will not attempt to authenticate using SASL (unknown error)


[WARN ] 2018-04-17 17:27:09,297 method:org.apache.zookeeper.ClientCnxn$SendThread.run(ClientCnxn.java:1108)
Client session timed out, have not heard from server in 10028ms for sessionid 0x0


[INFO ] 2018-04-17 17:27:09,298 method:org.apache.zookeeper.ClientCnxn$SendThread.run(ClientCnxn.java:1156)
Client session timed out, have not heard from server in 10028ms for sessionid 0x0, closing socket connection and attempting reconnect


[INFO ] 2018-04-17 17:27:09,413 method:org.apache.zookeeper.ClientCnxn$SendThread.logStartConnect(ClientCnxn.java:1032)
Opening socket connection to server 192.168.199.134/192.168.199.134:2181. Will not attempt to authenticate using SASL (unknown error)


[INFO ] 2018-04-17 17:27:09,418 method:org.apache.zookeeper.ClientCnxn$SendThread.primeConnection(ClientCnxn.java:876)
Socket connection established to 192.168.199.134/192.168.199.134:2181, initiating session


[INFO ] 2018-04-17 17:27:09,468 method:org.apache.zookeeper.ClientCnxn$SendThread.onConnected(ClientCnxn.java:1299)
Session establishment complete on server 192.168.199.134/192.168.199.134:2181, sessionid = 0x162d24bfa9b0004, negotiated timeout = 30000


[INFO ] 2018-04-17 17:27:09,473 method:org.I0Itec.zkclient.ZkClient.processStateChanged(ZkClient.java:449)
zookeeper state changed (SyncConnected)


[INFO ] 2018-04-17 17:27:09,543 method:com.alibaba.dubbo.registry.support.AbstractRegistry.register(AbstractRegistry.java:302)
 [DUBBO] Register: consumer://192.168.199.1/com.taotao.service.ItemService?application=taotao-manager-web&category=consumers&check=false&dubbo=2.5.3&interface=com.taotao.service.ItemService&methods=getItemById&pid=27292&revision=1.0-SNAPSHOT&side=consumer&timestamp=1523957214308, dubbo version: 2.5.3, current host: 192.168.199.1


[INFO ] 2018-04-17 17:27:09,605 method:com.alibaba.dubbo.registry.support.AbstractRegistry.subscribe(AbstractRegistry.java:325)
 [DUBBO] Subscribe: consumer://192.168.199.1/com.taotao.service.ItemService?application=taotao-manager-web&category=providers,configurators,routers&dubbo=2.5.3&interface=com.taotao.service.ItemService&methods=getItemById&pid=27292&revision=1.0-SNAPSHOT&side=consumer&timestamp=1523957214308, dubbo version: 2.5.3, current host: 192.168.199.1


[INFO ] 2018-04-17 17:27:09,691 method:com.alibaba.dubbo.registry.support.AbstractRegistry.notify(AbstractRegistry.java:422)
 [DUBBO] Notify urls for subscribe url consumer://192.168.199.1/com.taotao.service.ItemService?application=taotao-manager-web&category=providers,configurators,routers&dubbo=2.5.3&interface=com.taotao.service.ItemService&methods=getItemById&pid=27292&revision=1.0-SNAPSHOT&side=consumer&timestamp=1523957214308, urls: [dubbo://192.168.199.1:20880/com.taotao.service.ItemService?anyhost=true&application=taotao-manager&dubbo=2.5.3&interface=com.taotao.service.ItemService&methods=getItemById&pid=47396&revision=1.0-SNAPSHOT&side=provider&timeout=300000&timestamp=1523956868452, empty://192.168.199.1/com.taotao.service.ItemService?application=taotao-manager-web&category=configurators&dubbo=2.5.3&interface=com.taotao.service.ItemService&methods=getItemById&pid=27292&revision=1.0-SNAPSHOT&side=consumer&timestamp=1523957214308, empty://192.168.199.1/com.taotao.service.ItemService?application=taotao-manager-web&category=routers&dubbo=2.5.3&interface=com.taotao.service.ItemService&methods=getItemById&pid=27292&revision=1.0-SNAPSHOT&side=consumer&timestamp=1523957214308], dubbo version: 2.5.3, current host: 192.168.199.1


[INFO ] 2018-04-17 17:27:10,172 method:com.alibaba.dubbo.remoting.transport.AbstractClient.connect(AbstractClient.java:287)
 [DUBBO] Successed connect to server /192.168.199.1:20880 from NettyClient 192.168.199.1 using dubbo version 2.5.3, channel is NettyChannel [channel=[id: 0x8a973012, /192.168.199.1:61350 => /192.168.199.1:20880]], dubbo version: 2.5.3, current host: 192.168.199.1


[INFO ] 2018-04-17 17:27:10,173 method:com.alibaba.dubbo.remoting.transport.AbstractClient.<init>(AbstractClient.java:105)
 [DUBBO] Start NettyClient DESKTOP-COBSCJH/192.168.199.1 connect to the server /192.168.199.1:20880, dubbo version: 2.5.3, current host: 192.168.199.1


[INFO ] 2018-04-17 17:27:10,402 method:com.alibaba.dubbo.config.ReferenceConfig.createProxy(ReferenceConfig.java:423)
 [DUBBO] Refer dubbo service com.taotao.service.ItemService from url zookeeper://192.168.199.134:2181/com.alibaba.dubbo.registry.RegistryService?anyhost=true&application=taotao-manager-web&check=false&dubbo=2.5.3&interface=com.taotao.service.ItemService&methods=getItemById&pid=27292&revision=1.0-SNAPSHOT&side=consumer&timeout=300000&timestamp=1523957214308, dubbo version: 2.5.3, current host: 192.168.199.1


[INFO ] 2018-04-17 17:27:10,685 method:org.springframework.web.servlet.FrameworkServlet.initServletBean(FrameworkServlet.java:508)
FrameworkServlet 'springMVC': initialization completed in 22168 ms


[WARN ] 2018-04-17 18:20:39,932 method:org.apache.zookeeper.ClientCnxn$SendThread.run(ClientCnxn.java:1108)
Client session timed out, have not heard from server in 3078664ms for sessionid 0x162d24bfa9b0004


[WARN ] 2018-04-17 18:20:40,025 method:com.alibaba.dubbo.remoting.exchange.support.header.HeartBeatTask.run(HeartBeatTask.java:71)
 [DUBBO] Close channel HeaderExchangeClient [channel=com.alibaba.dubbo.remoting.transport.netty.NettyClient [/192.168.199.1:61350 -> /192.168.199.1:20880]], because heartbeat read idle time out: 180000ms, dubbo version: 2.5.3, current host: 192.168.199.1


[INFO ] 2018-04-17 18:20:40,037 method:org.apache.zookeeper.ClientCnxn$SendThread.run(ClientCnxn.java:1156)
Client session timed out, have not heard from server in 3078664ms for sessionid 0x162d24bfa9b0004, closing socket connection and attempting reconnect


[INFO ] 2018-04-17 18:20:40,155 method:org.I0Itec.zkclient.ZkClient.processStateChanged(ZkClient.java:449)
zookeeper state changed (Disconnected)


[INFO ] 2018-04-17 18:22:35,138 method:org.springframework.web.servlet.FrameworkServlet.initServletBean(FrameworkServlet.java:489)
FrameworkServlet 'springMVC': initialization started


[INFO ] 2018-04-17 18:22:35,216 method:org.springframework.context.support.AbstractApplicationContext.prepareRefresh(AbstractApplicationContext.java:578)
Refreshing WebApplicationContext for namespace 'springMVC-servlet': startup date [Tue Apr 17 18:22:35 CST 2018]; root of context hierarchy


[INFO ] 2018-04-17 18:22:35,465 method:org.springframework.beans.factory.xml.XmlBeanDefinitionReader.loadBeanDefinitions(XmlBeanDefinitionReader.java:317)
Loading XML bean definitions from class path resource [spring/springmvc.xml]


[INFO ] 2018-04-17 18:22:36,086 method:
using logger: com.alibaba.dubbo.common.logger.log4j.Log4jLoggerAdapter


[INFO ] 2018-04-17 18:22:36,359 method:org.springframework.beans.factory.annotation.AutowiredAnnotationBeanPostProcessor.<init>(AutowiredAnnotationBeanPostProcessor.java:153)
JSR-330 'javax.inject.Inject' annotation found and supported for autowiring


[INFO ] 2018-04-17 18:22:37,106 method:org.springframework.web.servlet.handler.AbstractHandlerMethodMapping$MappingRegistry.register(AbstractHandlerMethodMapping.java:527)
Mapped "{[/item]}" onto public com.taotao.pojo.TbItem com.taotao.controller.ItemController.getItemById()


[INFO ] 2018-04-17 18:22:37,480 method:org.springframework.web.servlet.mvc.method.annotation.RequestMappingHandlerAdapter.initControllerAdviceCache(RequestMappingHandlerAdapter.java:532)
Looking for @ControllerAdvice: WebApplicationContext for namespace 'springMVC-servlet': startup date [Tue Apr 17 18:22:35 CST 2018]; root of context hierarchy


[INFO ] 2018-04-17 18:22:37,581 method:org.springframework.web.servlet.mvc.method.annotation.RequestMappingHandlerAdapter.initControllerAdviceCache(RequestMappingHandlerAdapter.java:532)
Looking for @ControllerAdvice: WebApplicationContext for namespace 'springMVC-servlet': startup date [Tue Apr 17 18:22:35 CST 2018]; root of context hierarchy


[INFO ] 2018-04-17 18:22:37,808 method:com.alibaba.dubbo.registry.support.AbstractRegistry.loadProperties(AbstractRegistry.java:232)
 [DUBBO] Load registry store file C:\Users\baiye\.dubbo\dubbo-registry-192.168.199.134.cache, data: {com.xbz.service.DemoService=override://0.0.0.0/com.xbz.service.DemoService?category=configurators&dynamic=false&enabled=true&nige.loadbalance=roundrobin, com.taotao.service.ItemService=empty://192.168.199.1/com.taotao.service.ItemService?application=taotao-manager-web&category=configurators&dubbo=2.5.3&interface=com.taotao.service.ItemService&methods=getItemById&pid=27292&revision=1.0-SNAPSHOT&side=consumer&timestamp=1523957214308 empty://192.168.199.1/com.taotao.service.ItemService?application=taotao-manager-web&category=routers&dubbo=2.5.3&interface=com.taotao.service.ItemService&methods=getItemById&pid=27292&revision=1.0-SNAPSHOT&side=consumer&timestamp=1523957214308 dubbo://192.168.199.1:20880/com.taotao.service.ItemService?anyhost=true&application=taotao-manager&dubbo=2.5.3&interface=com.taotao.service.ItemService&methods=getItemById&pid=47396&revision=1.0-SNAPSHOT&side=provider&timeout=300000&timestamp=1523956868452}, dubbo version: 2.5.3, current host: 127.0.0.1


[INFO ] 2018-04-17 18:22:37,837 method:org.I0Itec.zkclient.ZkEventThread.run(ZkEventThread.java:64)
Starting ZkClient event thread.


[INFO ] 2018-04-17 18:22:37,864 method:org.apache.zookeeper.Environment.logEnv(Environment.java:100)
Client environment:zookeeper.version=3.4.7-1713338, built on 11/09/2015 04:32 GMT


[INFO ] 2018-04-17 18:22:37,865 method:org.apache.zookeeper.Environment.logEnv(Environment.java:100)
Client environment:host.name=DESKTOP-COBSCJH


[INFO ] 2018-04-17 18:22:37,865 method:org.apache.zookeeper.Environment.logEnv(Environment.java:100)
Client environment:java.version=1.8.0_152


[INFO ] 2018-04-17 18:22:37,865 method:org.apache.zookeeper.Environment.logEnv(Environment.java:100)
Client environment:java.vendor=Oracle Corporation


[INFO ] 2018-04-17 18:22:37,865 method:org.apache.zookeeper.Environment.logEnv(Environment.java:100)
Client environment:java.home=C:\Program Files\Java\jdk1.8.0_152\jre


[INFO ] 2018-04-17 18:22:37,865 method:org.apache.zookeeper.Environment.logEnv(Environment.java:100)
Client environment:java.class.path=C:\Program Files\JetBrains\IntelliJ IDEA 2017.1.4\plugins\maven\lib\maven3\boot\plexus-classworlds-2.5.2.jar;C:\Program Files\JetBrains\IntelliJ IDEA 2017.1.4\lib\idea_rt.jar


[INFO ] 2018-04-17 18:22:37,866 method:org.apache.zookeeper.Environment.logEnv(Environment.java:100)
Client environment:java.library.path=C:\Program Files\Java\jdk1.8.0_152\bin;C:\WINDOWS\Sun\Java\bin;C:\WINDOWS\system32;C:\WINDOWS;C:\deverloper\product\11.2.0\dbhome_1\bin;C:\ProgramData\Oracle\Java\javapath;C:\Program Files (x86)\Intel\iCLS Client\;C:\Program Files\Intel\iCLS Client\;C:\Windows\system32;C:\Windows;C:\Windows\System32\Wbem;C:\Windows\System32\WindowsPowerShell\v1.0\;C:\Program Files (x86)\Intel\Intel(R) Management Engine Components\DAL;C:\Program Files\Intel\Intel(R) Management Engine Components\DAL;C:\Program Files (x86)\Intel\Intel(R) Management Engine Components\IPT;C:\Program Files\Intel\Intel(R) Management Engine Components\IPT;C:\Program Files (x86)\NVIDIA Corporation\PhysX\Common;C:\Program Files\Java\jdk1.8.0_152\bin;C:\Program Files\Intel\WiFi\bin\;C:\Program Files\Common Files\Intel\WirelessCommon\;C:\WINDOWS\system32;C:\WINDOWS;C:\WINDOWS\System32\Wbem;C:\WINDOWS\System32\WindowsPowerShell\v1.0\;C:\Program Files\MySQL\MySQL Utilities 1.6\;C:\Program Files\VisualSVN Server\bin;C:\Program Files\TortoiseSVN\bin;E:\tool\apache-maven-3.5.2\bin;C:\Program Files\nodejs\;E:\工具\webservice_cxf\doc\apache-cxf-3.1.8\bin;;;C:\Program Files\Git\cmd;C:\Users\baiye\AppData\Local\Microsoft\WindowsApps;C:\Users\baiye\AppData\Local\GitHubDesktop\bin;.


[INFO ] 2018-04-17 18:22:37,867 method:org.apache.zookeeper.Environment.logEnv(Environment.java:100)
Client environment:java.io.tmpdir=C:\Users\baiye\AppData\Local\Temp\


[INFO ] 2018-04-17 18:22:37,867 method:org.apache.zookeeper.Environment.logEnv(Environment.java:100)
Client environment:java.compiler=<NA>


[INFO ] 2018-04-17 18:22:37,867 method:org.apache.zookeeper.Environment.logEnv(Environment.java:100)
Client environment:os.name=Windows 10


[INFO ] 2018-04-17 18:22:37,868 method:org.apache.zookeeper.Environment.logEnv(Environment.java:100)
Client environment:os.arch=amd64


[INFO ] 2018-04-17 18:22:37,868 method:org.apache.zookeeper.Environment.logEnv(Environment.java:100)
Client environment:os.version=10.0


[INFO ] 2018-04-17 18:22:37,868 method:org.apache.zookeeper.Environment.logEnv(Environment.java:100)
Client environment:user.name=baiye


[INFO ] 2018-04-17 18:22:37,868 method:org.apache.zookeeper.Environment.logEnv(Environment.java:100)
Client environment:user.home=C:\Users\baiye


[INFO ] 2018-04-17 18:22:37,869 method:org.apache.zookeeper.Environment.logEnv(Environment.java:100)
Client environment:user.dir=E:\tool\taotao-parent\taotao-manager-web


[INFO ] 2018-04-17 18:22:37,870 method:org.apache.zookeeper.ZooKeeper.<init>(ZooKeeper.java:438)
Initiating client connection, connectString=192.168.199.134:2181,192.168.199.132:2181,192.168.199.135:2181 sessionTimeout=30000 watcher=org.I0Itec.zkclient.ZkClient@5855ef45


[INFO ] 2018-04-17 18:22:37,934 method:org.apache.zookeeper.ClientCnxn$SendThread.logStartConnect(ClientCnxn.java:1032)
Opening socket connection to server 192.168.199.135/192.168.199.135:2181. Will not attempt to authenticate using SASL (unknown error)


[WARN ] 2018-04-17 18:22:47,937 method:org.apache.zookeeper.ClientCnxn$SendThread.run(ClientCnxn.java:1108)
Client session timed out, have not heard from server in 10017ms for sessionid 0x0


[INFO ] 2018-04-17 18:22:47,938 method:org.apache.zookeeper.ClientCnxn$SendThread.run(ClientCnxn.java:1156)
Client session timed out, have not heard from server in 10017ms for sessionid 0x0, closing socket connection and attempting reconnect


[INFO ] 2018-04-17 18:22:48,041 method:org.apache.zookeeper.ClientCnxn$SendThread.logStartConnect(ClientCnxn.java:1032)
Opening socket connection to server 192.168.199.134/192.168.199.134:2181. Will not attempt to authenticate using SASL (unknown error)


[INFO ] 2018-04-17 18:22:48,042 method:org.apache.zookeeper.ClientCnxn$SendThread.primeConnection(ClientCnxn.java:876)
Socket connection established to 192.168.199.134/192.168.199.134:2181, initiating session


[INFO ] 2018-04-17 18:22:48,064 method:org.apache.zookeeper.ClientCnxn$SendThread.onConnected(ClientCnxn.java:1299)
Session establishment complete on server 192.168.199.134/192.168.199.134:2181, sessionid = 0x162d31e86c50000, negotiated timeout = 30000


[INFO ] 2018-04-17 18:22:48,065 method:org.I0Itec.zkclient.ZkClient.processStateChanged(ZkClient.java:449)
zookeeper state changed (SyncConnected)


[INFO ] 2018-04-17 18:22:48,098 method:com.alibaba.dubbo.registry.support.AbstractRegistry.register(AbstractRegistry.java:302)
 [DUBBO] Register: consumer://192.168.199.1/com.taotao.service.ItemService?application=taotao-manager-web&category=consumers&check=false&dubbo=2.5.3&interface=com.taotao.service.ItemService&methods=getItemById&pid=12024&revision=1.0-SNAPSHOT&side=consumer&timestamp=1523960557708, dubbo version: 2.5.3, current host: 192.168.199.1


[INFO ] 2018-04-17 18:22:48,163 method:com.alibaba.dubbo.registry.support.AbstractRegistry.subscribe(AbstractRegistry.java:325)
 [DUBBO] Subscribe: consumer://192.168.199.1/com.taotao.service.ItemService?application=taotao-manager-web&category=providers,configurators,routers&dubbo=2.5.3&interface=com.taotao.service.ItemService&methods=getItemById&pid=12024&revision=1.0-SNAPSHOT&side=consumer&timestamp=1523960557708, dubbo version: 2.5.3, current host: 192.168.199.1


[INFO ] 2018-04-17 18:22:48,213 method:com.alibaba.dubbo.registry.support.AbstractRegistry.notify(AbstractRegistry.java:422)
 [DUBBO] Notify urls for subscribe url consumer://192.168.199.1/com.taotao.service.ItemService?application=taotao-manager-web&category=providers,configurators,routers&dubbo=2.5.3&interface=com.taotao.service.ItemService&methods=getItemById&pid=12024&revision=1.0-SNAPSHOT&side=consumer&timestamp=1523960557708, urls: [dubbo://192.168.199.1:20880/com.taotao.service.ItemService?anyhost=true&application=taotao-manager&dubbo=2.5.3&interface=com.taotao.service.ItemService&methods=getItemById&pid=47396&revision=1.0-SNAPSHOT&side=provider&timeout=300000&timestamp=1523956868452, empty://192.168.199.1/com.taotao.service.ItemService?application=taotao-manager-web&category=configurators&dubbo=2.5.3&interface=com.taotao.service.ItemService&methods=getItemById&pid=12024&revision=1.0-SNAPSHOT&side=consumer&timestamp=1523960557708, empty://192.168.199.1/com.taotao.service.ItemService?application=taotao-manager-web&category=routers&dubbo=2.5.3&interface=com.taotao.service.ItemService&methods=getItemById&pid=12024&revision=1.0-SNAPSHOT&side=consumer&timestamp=1523960557708], dubbo version: 2.5.3, current host: 192.168.199.1


[INFO ] 2018-04-17 18:22:48,433 method:com.alibaba.dubbo.remoting.transport.AbstractClient.connect(AbstractClient.java:287)
 [DUBBO] Successed connect to server /192.168.199.1:20880 from NettyClient 192.168.199.1 using dubbo version 2.5.3, channel is NettyChannel [channel=[id: 0x9c107d1e, /192.168.199.1:60959 => /192.168.199.1:20880]], dubbo version: 2.5.3, current host: 192.168.199.1


[INFO ] 2018-04-17 18:22:48,433 method:com.alibaba.dubbo.remoting.transport.AbstractClient.<init>(AbstractClient.java:105)
 [DUBBO] Start NettyClient DESKTOP-COBSCJH/192.168.199.1 connect to the server /192.168.199.1:20880, dubbo version: 2.5.3, current host: 192.168.199.1


[INFO ] 2018-04-17 18:22:48,509 method:com.alibaba.dubbo.config.ReferenceConfig.createProxy(ReferenceConfig.java:423)
 [DUBBO] Refer dubbo service com.taotao.service.ItemService from url zookeeper://192.168.199.134:2181/com.alibaba.dubbo.registry.RegistryService?anyhost=true&application=taotao-manager-web&check=false&dubbo=2.5.3&interface=com.taotao.service.ItemService&methods=getItemById&pid=12024&revision=1.0-SNAPSHOT&side=consumer&timeout=300000&timestamp=1523960557708, dubbo version: 2.5.3, current host: 192.168.199.1


[INFO ] 2018-04-17 18:22:48,644 method:org.springframework.web.servlet.FrameworkServlet.initServletBean(FrameworkServlet.java:508)
FrameworkServlet 'springMVC': initialization completed in 13503 ms
